Unable to capture context for thread 6692 in process 7260, can not generate back trace
Unable to capture context for thread 29328 in process 7260, can not generate back trace
Exception at PC 0x00007FFBE588BB93
Printing stacktrace...

[0]  [0x00007FFBE588BB93]
[1]  [0x00007FFBE588BB93]
[2]  [0x00007FFBE588B4A1]
[3]  [0x00007FFBE588B3EF]
[4]  [0x00007FFBE58719FE]
[5]  [0x00007FFBE5870ED1]
[6]  [0x00007FFBE5870D76]
[7]  [0x00007FFBE58179F6]
[8]  [0x00007FFBE5807AFB]
[9]  [0x00007FFBE592E90A]
[10]  [0x00007FFBE5949F87]
[11]  [0x00007FFBE594A05F]
[12] (BaseThreadInitThunk+0x14) [0x00007FFC1AF78364]
[13] (RtlUserThreadStart+0x21) [0x00007FFC1B0970D1]
Done
Exception at PC 0x00007FFC181E7788
Exception at PC 0x00007FFC181E7788
Exception at PC 0x00007FFC181E7788
Exception at PC 0x00007FFC181E7788
Exception at PC 0x00007FFC181E7788
Exception at PC 0x00007FFC181E7788
Exception at PC 0x00007FFC181E7788
Exception at PC 0x00007FFC181E7788
Exception at PC 0x00007FFC181E7788
Exception at PC 0x00007FFC181E7788
Exception at PC 0x00007FFC181E7788
Exception at PC 0x00007FFC181E7788
Exception at PC 0x00007FFC181E7788
Exception at PC 0x00007FFC181E7788
Exception at PC 0x00007FFC181E7788
Exception at PC 0x00007FFC181E7788
Exception at PC 0x00007FFC181E7788
Exception at PC 0x00007FFC181E7788
